{"C:\\Users\\pc\\Desktop\\IntelliShelf\\src\\controllers\\bookcontroller.js": {"path":"C:\\Users\\pc\\Desktop\\IntelliShelf\\src\\controllers\\bookcontroller.js","statementMap":{"0":{"start":{"line":2,"column":11},"end":{"line":2,"column":34}},"1":{"start":{"line":5,"column":30},"end":{"line":10,"column":1}},"2":{"start":{"line":6,"column":2},"end":{"line":6,"column":38}},"3":{"start":{"line":8,"column":23},"end":{"line":8,"column":86}},"4":{"start":{"line":9,"column":2},"end":{"line":9,"column":57}},"5":{"start":{"line":12,"column":0},"end":{"line":23,"column":2}},"6":{"start":{"line":14,"column":17},"end":{"line":14,"column":29}},"7":{"start":{"line":15,"column":2},"end":{"line":15,"column":100}},"8":{"start":{"line":15,"column":15},"end":{"line":15,"column":100}},"9":{"start":{"line":17,"column":2},"end":{"line":22,"column":3}},"10":{"start":{"line":18,"column":21},"end":{"line":18,"column":185}},"11":{"start":{"line":19,"column":4},"end":{"line":19,"column":31}},"12":{"start":{"line":21,"column":4},"end":{"line":21,"column":62}},"13":{"start":{"line":25,"column":0},"end":{"line":39,"column":2}},"14":{"start":{"line":26,"column":17},"end":{"line":26,"column":27}},"15":{"start":{"line":27,"column":17},"end":{"line":27,"column":29}},"16":{"start":{"line":28,"column":2},"end":{"line":28,"column":100}},"17":{"start":{"line":28,"column":15},"end":{"line":28,"column":100}},"18":{"start":{"line":30,"column":2},"end":{"line":38,"column":3}},"19":{"start":{"line":31,"column":21},"end":{"line":31,"column":176}},"20":{"start":{"line":32,"column":4},"end":{"line":34,"column":5}},"21":{"start":{"line":33,"column":6},"end":{"line":33,"column":82}},"22":{"start":{"line":35,"column":4},"end":{"line":35,"column":34}},"23":{"start":{"line":37,"column":4},"end":{"line":37,"column":61}},"24":{"start":{"line":41,"column":0},"end":{"line":68,"column":2}},"25":{"start":{"line":43,"column":62},"end":{"line":43,"column":70}},"26":{"start":{"line":44,"column":17},"end":{"line":44,"column":29}},"27":{"start":{"line":45,"column":2},"end":{"line":45,"column":100}},"28":{"start":{"line":45,"column":15},"end":{"line":45,"column":100}},"29":{"start":{"line":47,"column":2},"end":{"line":49,"column":3}},"30":{"start":{"line":48,"column":4},"end":{"line":48,"column":66}},"31":{"start":{"line":51,"column":2},"end":{"line":67,"column":3}},"32":{"start":{"line":55,"column":18},"end":{"line":59,"column":5}},"33":{"start":{"line":60,"column":19},"end":{"line":60,"column":89}},"34":{"start":{"line":61,"column":21},"end":{"line":61,"column":50}},"35":{"start":{"line":63,"column":26},"end":{"line":63,"column":162}},"36":{"start":{"line":64,"column":4},"end":{"line":64,"column":48}},"37":{"start":{"line":66,"column":4},"end":{"line":66,"column":61}},"38":{"start":{"line":70,"column":0},"end":{"line":128,"column":2}},"39":{"start":{"line":71,"column":17},"end":{"line":71,"column":27}},"40":{"start":{"line":72,"column":17},"end":{"line":72,"column":29}},"41":{"start":{"line":73,"column":2},"end":{"line":73,"column":100}},"42":{"start":{"line":73,"column":15},"end":{"line":73,"column":100}},"43":{"start":{"line":76,"column":101},"end":{"line":76,"column":109}},"44":{"start":{"line":79,"column":2},"end":{"line":81,"column":3}},"45":{"start":{"line":80,"column":5},"end":{"line":80,"column":74}},"46":{"start":{"line":84,"column":17},"end":{"line":84,"column":19}},"47":{"start":{"line":85,"column":17},"end":{"line":85,"column":19}},"48":{"start":{"line":86,"column":19},"end":{"line":86,"column":20}},"49":{"start":{"line":88,"column":2},"end":{"line":88,"column":91}},"50":{"start":{"line":88,"column":29},"end":{"line":88,"column":69}},"51":{"start":{"line":88,"column":70},"end":{"line":88,"column":89}},"52":{"start":{"line":89,"column":2},"end":{"line":89,"column":103}},"53":{"start":{"line":89,"column":33},"end":{"line":89,"column":77}},"54":{"start":{"line":89,"column":78},"end":{"line":89,"column":101}},"55":{"start":{"line":90,"column":2},"end":{"line":90,"column":88}},"56":{"start":{"line":90,"column":28},"end":{"line":90,"column":67}},"57":{"start":{"line":90,"column":68},"end":{"line":90,"column":86}},"58":{"start":{"line":91,"column":2},"end":{"line":91,"column":121}},"59":{"start":{"line":91,"column":39},"end":{"line":91,"column":89}},"60":{"start":{"line":91,"column":90},"end":{"line":91,"column":119}},"61":{"start":{"line":92,"column":2},"end":{"line":92,"column":94}},"62":{"start":{"line":92,"column":30},"end":{"line":92,"column":71}},"63":{"start":{"line":92,"column":72},"end":{"line":92,"column":92}},"64":{"start":{"line":93,"column":2},"end":{"line":93,"column":112}},"65":{"start":{"line":93,"column":36},"end":{"line":93,"column":83}},"66":{"start":{"line":93,"column":84},"end":{"line":93,"column":110}},"67":{"start":{"line":94,"column":2},"end":{"line":94,"column":106}},"68":{"start":{"line":94,"column":34},"end":{"line":94,"column":79}},"69":{"start":{"line":94,"column":80},"end":{"line":94,"column":104}},"70":{"start":{"line":95,"column":2},"end":{"line":95,"column":109}},"71":{"start":{"line":95,"column":35},"end":{"line":95,"column":81}},"72":{"start":{"line":95,"column":82},"end":{"line":95,"column":107}},"73":{"start":{"line":97,"column":2},"end":{"line":99,"column":3}},"74":{"start":{"line":98,"column":6},"end":{"line":98,"column":87}},"75":{"start":{"line":102,"column":2},"end":{"line":102,"column":18}},"76":{"start":{"line":103,"column":2},"end":{"line":103,"column":22}},"77":{"start":{"line":104,"column":23},"end":{"line":104,"column":35}},"78":{"start":{"line":105,"column":27},"end":{"line":105,"column":37}},"79":{"start":{"line":108,"column":2},"end":{"line":127,"column":3}},"80":{"start":{"line":109,"column":24},"end":{"line":114,"column":5}},"81":{"start":{"line":116,"column":44},"end":{"line":116,"column":79}},"82":{"start":{"line":118,"column":4},"end":{"line":120,"column":5}},"83":{"start":{"line":119,"column":6},"end":{"line":119,"column":99}},"84":{"start":{"line":122,"column":30},"end":{"line":122,"column":173}},"85":{"start":{"line":124,"column":4},"end":{"line":124,"column":52}},"86":{"start":{"line":126,"column":4},"end":{"line":126,"column":61}},"87":{"start":{"line":130,"column":0},"end":{"line":144,"column":2}},"88":{"start":{"line":131,"column":17},"end":{"line":131,"column":27}},"89":{"start":{"line":132,"column":17},"end":{"line":132,"column":29}},"90":{"start":{"line":133,"column":2},"end":{"line":133,"column":100}},"91":{"start":{"line":133,"column":15},"end":{"line":133,"column":100}},"92":{"start":{"line":135,"column":2},"end":{"line":143,"column":3}},"93":{"start":{"line":136,"column":25},"end":{"line":136,"column":105}},"94":{"start":{"line":137,"column":4},"end":{"line":139,"column":5}},"95":{"start":{"line":138,"column":6},"end":{"line":138,"column":82}},"96":{"start":{"line":140,"column":4},"end":{"line":140,"column":27}},"97":{"start":{"line":142,"column":4},"end":{"line":142,"column":61}}},"fnMap":{"0":{"name":"(anonymous_0)","decl":{"start":{"line":5,"column":30},"end":{"line":5,"column":31}},"loc":{"start":{"line":5,"column":73},"end":{"line":10,"column":1}},"line":5},"1":{"name":"(anonymous_1)","decl":{"start":{"line":12,"column":22},"end":{"line":12,"column":23}},"loc":{"start":{"line":12,"column":42},"end":{"line":23,"column":1}},"line":12},"2":{"name":"(anonymous_2)","decl":{"start":{"line":25,"column":22},"end":{"line":25,"column":23}},"loc":{"start":{"line":25,"column":42},"end":{"line":39,"column":1}},"line":25},"3":{"name":"(anonymous_3)","decl":{"start":{"line":41,"column":21},"end":{"line":41,"column":22}},"loc":{"start":{"line":41,"column":41},"end":{"line":68,"column":1}},"line":41},"4":{"name":"(anonymous_4)","decl":{"start":{"line":70,"column":21},"end":{"line":70,"column":22}},"loc":{"start":{"line":70,"column":41},"end":{"line":128,"column":1}},"line":70},"5":{"name":"(anonymous_5)","decl":{"start":{"line":130,"column":21},"end":{"line":130,"column":22}},"loc":{"start":{"line":130,"column":41},"end":{"line":144,"column":1}},"line":130}},"branchMap":{"0":{"loc":{"start":{"line":5,"column":52},"end":{"line":5,"column":68}},"type":"default-arg","locations":[{"start":{"line":5,"column":65},"end":{"line":5,"column":68}}],"line":5},"1":{"loc":{"start":{"line":8,"column":23},"end":{"line":8,"column":86}},"type":"cond-expr","locations":[{"start":{"line":8,"column":63},"end":{"line":8,"column":70}},{"start":{"line":8,"column":73},"end":{"line":8,"column":86}}],"line":8},"2":{"loc":{"start":{"line":15,"column":2},"end":{"line":15,"column":100}},"type":"if","locations":[{"start":{"line":15,"column":2},"end":{"line":15,"column":100}},{"start":{},"end":{}}],"line":15},"3":{"loc":{"start":{"line":28,"column":2},"end":{"line":28,"column":100}},"type":"if","locations":[{"start":{"line":28,"column":2},"end":{"line":28,"column":100}},{"start":{},"end":{}}],"line":28},"4":{"loc":{"start":{"line":32,"column":4},"end":{"line":34,"column":5}},"type":"if","locations":[{"start":{"line":32,"column":4},"end":{"line":34,"column":5}},{"start":{},"end":{}}],"line":32},"5":{"loc":{"start":{"line":45,"column":2},"end":{"line":45,"column":100}},"type":"if","locations":[{"start":{"line":45,"column":2},"end":{"line":45,"column":100}},{"start":{},"end":{}}],"line":45},"6":{"loc":{"start":{"line":47,"column":2},"end":{"line":49,"column":3}},"type":"if","locations":[{"start":{"line":47,"column":2},"end":{"line":49,"column":3}},{"start":{},"end":{}}],"line":47},"7":{"loc":{"start":{"line":60,"column":69},"end":{"line":60,"column":88}},"type":"binary-expr","locations":[{"start":{"line":60,"column":69},"end":{"line":60,"column":75}},{"start":{"line":60,"column":79},"end":{"line":60,"column":88}}],"line":60},"8":{"loc":{"start":{"line":73,"column":2},"end":{"line":73,"column":100}},"type":"if","locations":[{"start":{"line":73,"column":2},"end":{"line":73,"column":100}},{"start":{},"end":{}}],"line":73},"9":{"loc":{"start":{"line":79,"column":2},"end":{"line":81,"column":3}},"type":"if","locations":[{"start":{"line":79,"column":2},"end":{"line":81,"column":3}},{"start":{},"end":{}}],"line":79},"10":{"loc":{"start":{"line":88,"column":2},"end":{"line":88,"column":91}},"type":"if","locations":[{"start":{"line":88,"column":2},"end":{"line":88,"column":91}},{"start":{},"end":{}}],"line":88},"11":{"loc":{"start":{"line":89,"column":2},"end":{"line":89,"column":103}},"type":"if","locations":[{"start":{"line":89,"column":2},"end":{"line":89,"column":103}},{"start":{},"end":{}}],"line":89},"12":{"loc":{"start":{"line":90,"column":2},"end":{"line":90,"column":88}},"type":"if","locations":[{"start":{"line":90,"column":2},"end":{"line":90,"column":88}},{"start":{},"end":{}}],"line":90},"13":{"loc":{"start":{"line":91,"column":2},"end":{"line":91,"column":121}},"type":"if","locations":[{"start":{"line":91,"column":2},"end":{"line":91,"column":121}},{"start":{},"end":{}}],"line":91},"14":{"loc":{"start":{"line":92,"column":2},"end":{"line":92,"column":94}},"type":"if","locations":[{"start":{"line":92,"column":2},"end":{"line":92,"column":94}},{"start":{},"end":{}}],"line":92},"15":{"loc":{"start":{"line":93,"column":2},"end":{"line":93,"column":112}},"type":"if","locations":[{"start":{"line":93,"column":2},"end":{"line":93,"column":112}},{"start":{},"end":{}}],"line":93},"16":{"loc":{"start":{"line":94,"column":2},"end":{"line":94,"column":106}},"type":"if","locations":[{"start":{"line":94,"column":2},"end":{"line":94,"column":106}},{"start":{},"end":{}}],"line":94},"17":{"loc":{"start":{"line":95,"column":2},"end":{"line":95,"column":109}},"type":"if","locations":[{"start":{"line":95,"column":2},"end":{"line":95,"column":109}},{"start":{},"end":{}}],"line":95},"18":{"loc":{"start":{"line":97,"column":2},"end":{"line":99,"column":3}},"type":"if","locations":[{"start":{"line":97,"column":2},"end":{"line":99,"column":3}},{"start":{},"end":{}}],"line":97},"19":{"loc":{"start":{"line":118,"column":4},"end":{"line":120,"column":5}},"type":"if","locations":[{"start":{"line":118,"column":4},"end":{"line":120,"column":5}},{"start":{},"end":{}}],"line":118},"20":{"loc":{"start":{"line":133,"column":2},"end":{"line":133,"column":100}},"type":"if","locations":[{"start":{"line":133,"column":2},"end":{"line":133,"column":100}},{"start":{},"end":{}}],"line":133},"21":{"loc":{"start":{"line":137,"column":4},"end":{"line":139,"column":5}},"type":"if","locations":[{"start":{"line":137,"column":4},"end":{"line":139,"column":5}},{"start":{},"end":{}}],"line":137}},"s":{"0":1,"1":1,"2":0,"3":0,"4":0,"5":1,"6":0,"7":0,"8":0,"9":0,"10":0,"11":0,"12":0,"13":1,"14":0,"15":0,"16":0,"17":0,"18":0,"19":0,"20":0,"21":0,"22":0,"23":0,"24":1,"25":0,"26":0,"27":0,"28":0,"29":0,"30":0,"31":0,"32":0,"33":0,"34":0,"35":0,"36":0,"37":0,"38":1,"39":0,"40":0,"41":0,"42":0,"43":0,"44":0,"45":0,"46":0,"47":0,"48":0,"49":0,"50":0,"51":0,"52":0,"53":0,"54":0,"55":0,"56":0,"57":0,"58":0,"59":0,"60":0,"61":0,"62":0,"63":0,"64":0,"65":0,"66":0,"67":0,"68":0,"69":0,"70":0,"71":0,"72":0,"73":0,"74":0,"75":0,"76":0,"77":0,"78":0,"79":0,"80":0,"81":0,"82":0,"83":0,"84":0,"85":0,"86":0,"87":1,"88":0,"89":0,"90":0,"91":0,"92":0,"93":0,"94":0,"95":0,"96":0,"97":0},"f":{"0":0,"1":0,"2":0,"3":0,"4":0,"5":0},"b":{"0":[0],"1":[0,0],"2":[0,0],"3":[0,0],"4":[0,0],"5":[0,0],"6":[0,0],"7":[0,0],"8":[0,0],"9":[0,0],"10":[0,0],"11":[0,0],"12":[0,0],"13":[0,0],"14":[0,0],"15":[0,0],"16":[0,0],"17":[0,0],"18":[0,0],"19":[0,0],"20":[0,0],"21":[0,0]},"_coverageSchema":"1a1c01bbd47fc00a2c39e90264f33305004495a9","hash":"6acac50470a48df4057b8ab581ce49d58dcb4eb1"}
,"C:\\Users\\pc\\Desktop\\IntelliShelf\\src\\middleware\\authMiddleware.js": {"path":"C:\\Users\\pc\\Desktop\\IntelliShelf\\src\\middleware\\authMiddleware.js","statementMap":{"0":{"start":{"line":2,"column":12},"end":{"line":2,"column":35}},"1":{"start":{"line":4,"column":0},"end":{"line":36,"column":2}},"2":{"start":{"line":6,"column":21},"end":{"line":6,"column":48}},"3":{"start":{"line":8,"column":2},"end":{"line":10,"column":3}},"4":{"start":{"line":9,"column":4},"end":{"line":9,"column":94}},"5":{"start":{"line":12,"column":16},"end":{"line":12,"column":40}},"6":{"start":{"line":15,"column":2},"end":{"line":17,"column":3}},"7":{"start":{"line":16,"column":4},"end":{"line":16,"column":86}},"8":{"start":{"line":20,"column":2},"end":{"line":35,"column":3}},"9":{"start":{"line":21,"column":20},"end":{"line":21,"column":61}},"10":{"start":{"line":25,"column":4},"end":{"line":28,"column":5}},"11":{"start":{"line":26,"column":7},"end":{"line":26,"column":71}},"12":{"start":{"line":27,"column":7},"end":{"line":27,"column":73}},"13":{"start":{"line":29,"column":4},"end":{"line":29,"column":28}},"14":{"start":{"line":31,"column":4},"end":{"line":31,"column":11}},"15":{"start":{"line":33,"column":4},"end":{"line":33,"column":61}},"16":{"start":{"line":34,"column":4},"end":{"line":34,"column":60}}},"fnMap":{"0":{"name":"(anonymous_0)","decl":{"start":{"line":4,"column":17},"end":{"line":4,"column":18}},"loc":{"start":{"line":4,"column":42},"end":{"line":36,"column":1}},"line":4}},"branchMap":{"0":{"loc":{"start":{"line":8,"column":2},"end":{"line":10,"column":3}},"type":"if","locations":[{"start":{"line":8,"column":2},"end":{"line":10,"column":3}},{"start":{},"end":{}}],"line":8},"1":{"loc":{"start":{"line":8,"column":6},"end":{"line":8,"column":54}},"type":"binary-expr","locations":[{"start":{"line":8,"column":6},"end":{"line":8,"column":17}},{"start":{"line":8,"column":21},"end":{"line":8,"column":54}}],"line":8},"2":{"loc":{"start":{"line":15,"column":2},"end":{"line":17,"column":3}},"type":"if","locations":[{"start":{"line":15,"column":2},"end":{"line":17,"column":3}},{"start":{},"end":{}}],"line":15},"3":{"loc":{"start":{"line":25,"column":4},"end":{"line":28,"column":5}},"type":"if","locations":[{"start":{"line":25,"column":4},"end":{"line":28,"column":5}},{"start":{},"end":{}}],"line":25},"4":{"loc":{"start":{"line":25,"column":8},"end":{"line":25,"column":41}},"type":"binary-expr","locations":[{"start":{"line":25,"column":8},"end":{"line":25,"column":21}},{"start":{"line":25,"column":25},"end":{"line":25,"column":41}}],"line":25}},"s":{"0":1,"1":1,"2":7,"3":7,"4":1,"5":6,"6":6,"7":0,"8":6,"9":6,"10":0,"11":0,"12":0,"13":0,"14":0,"15":6,"16":6},"f":{"0":7},"b":{"0":[1,6],"1":[7,6],"2":[0,6],"3":[0,0],"4":[0,0]},"_coverageSchema":"1a1c01bbd47fc00a2c39e90264f33305004495a9","hash":"360b8c283ad5f6bc412a146d9448e1a25b56e87f"}
,"C:\\Users\\pc\\Desktop\\IntelliShelf\\src\\routes\\bookRoutes.js": {"path":"C:\\Users\\pc\\Desktop\\IntelliShelf\\src\\routes\\bookRoutes.js","statementMap":{"0":{"start":{"line":2,"column":16},"end":{"line":2,"column":34}},"1":{"start":{"line":3,"column":23},"end":{"line":3,"column":63}},"2":{"start":{"line":4,"column":23},"end":{"line":4,"column":62}},"3":{"start":{"line":6,"column":15},"end":{"line":6,"column":31}},"4":{"start":{"line":8,"column":0},"end":{"line":8,"column":27}},"5":{"start":{"line":10,"column":0},"end":{"line":10,"column":44}},"6":{"start":{"line":11,"column":0},"end":{"line":11,"column":44}},"7":{"start":{"line":12,"column":0},"end":{"line":12,"column":47}},"8":{"start":{"line":13,"column":0},"end":{"line":13,"column":46}},"9":{"start":{"line":14,"column":0},"end":{"line":14,"column":49}},"10":{"start":{"line":16,"column":0},"end":{"line":16,"column":24}}},"fnMap":{},"branchMap":{},"s":{"0":1,"1":1,"2":1,"3":1,"4":1,"5":1,"6":1,"7":1,"8":1,"9":1,"10":1},"f":{},"b":{},"_coverageSchema":"1a1c01bbd47fc00a2c39e90264f33305004495a9","hash":"7145b7cfe574b786137876ab0cbb41d2fa62bd09"}
}
